<?xml version="1.0" encoding="UTF-8"?>
<!-- Generated by org.testng.reporters.JUnitXMLReporter -->
<testsuite hostname="DESKTOP-1GP91JD" ignored="0" name="First" tests="8" failures="0" timestamp="31 May 2018 12:58:49 GMT" time="54.915" errors="0">
  <testcase name="loginAfterWrongdetails" time="2.18" classname="LoginPageTest.LoginPageTest"/>
  <testcase name="loginIntoTouch" time="1.25" classname="LoginPageTest.LoginPageTest"/>
  <testcase name="messageApperAfterWrongLoginDetails" time="0.924" classname="LoginPageTest.LoginPageTest"/>
  <testcase name="redirectedToInvalidLoginPage" time="0.861" classname="LoginPageTest.LoginPageTest"/>
  <testcase name="touchIsAvailable" time="0.054" classname="LoginPageTest.LoginPageTest"/>
  <testcase name="second" time="4.066" classname="Touchpoint.TouchpointPageTest"/>
  <testcase name="third" time="3.633" classname="Touchpoint.TouchpointPageTest"/>
  <testcase name="touchpointIsReachable" time="2.848" classname="Touchpoint.TouchpointPageTest"/>
</testsuite> <!-- First -->
