<?xml version="1.0" encoding="UTF-8"?>
<!-- Generated by org.testng.reporters.JUnitXMLReporter -->
<testsuite ignored="3" hostname="DESKTOP-UOUIF1Q" failures="0" tests="53" name="Package test" time="359.512" errors="0" timestamp="08 Jun 2018 15:57:25 GMT">
  <testcase classname="AboutTouchPage.AboutTouchPageTest" name="AboutTouchHamburgerMenuElementsAreAvailableAsAdmin" time="2.229"/>
  <testcase classname="AboutTouchPage.AboutTouchPageTest" name="AboutTouchHamburgerMenuElementsAreAvailableAsJurisdiction" time="2.206"/>
  <testcase classname="AboutTouchPage.AboutTouchPageTest" name="AboutTouchHamburgerMenuElementsAreAvailableAsMixedUser" time="2.346"/>
  <testcase classname="AboutTouchPage.AboutTouchPageTest" name="AboutTouchMetLifeIconDirection" time="2.462"/>
  <testcase classname="AboutTouchPage.AboutTouchPageTest" name="AboutTouchPageIsAvailable" time="1.995"/>
  <testcase classname="AboutTouchPage.AboutTouchPageTest" name="AboutTouchTestBreadcrumb" time="2.192"/>
  <testcase classname="AboutTouchPage.AboutTouchPageTest" name="AboutTouchUserIconDirection" time="3.211"/>
  <testcase classname="UserProfilePage.UserProfilePageJurisdictionUserTest" name="UserProfileJurisdictionUserClickOnBackButtonAfterLogin" time="3.079"/>
  <testcase classname="UserProfilePage.UserProfilePageJurisdictionUserTest" name="UserProfileJurisdictionUserClickOnLogoutButton" time="2.193"/>
  <testcase classname="UserProfilePage.UserProfilePageJurisdictionUserTest" name="UserProfileJurisdictionUserHamburgerMenuElementsAreAvailable" time="2.141"/>
  <testcase classname="UserProfilePage.UserProfilePageJurisdictionUserTest" name="UserProfileJurisdictionUserMetLifeIconDirection" time="2.778"/>
  <testcase classname="UserProfilePage.UserProfilePageJurisdictionUserTest" name="UserProfileJurisdictionUserPageIsAvailable" time="2.65"/>
  <testcase classname="UserProfilePage.UserProfilePageJurisdictionUserTest" name="UserProfileJurisdictionUserPermissionIsVisibleAsJurisdiction" time="2.186"/>
  <testcase classname="UserProfilePage.UserProfilePageJurisdictionUserTest" name="UserProfileJurisdictionUserTestBreadcrumb" time="2.227"/>
  <testcase classname="UserProfilePage.UserProfilePageJurisdictionUserTest" name="UserProfileJurisdictionUserUserIconDirection" time="3.249"/>
  <testcase classname="CentralPage.CentralPageTest" name="centralPageCentralPageBreadcrumb" time="1.236"/>
  <testcase classname="CentralPage.CentralPageTest" name="centralPageHamburgerMenuElementsAreAvailableWithAdmin" time="1.328"/>
  <testcase classname="CentralPage.CentralPageTest" name="centralPageHamburgerMenuElementsAreAvailableWithJurisdiction" time="1.474"/>
  <testcase classname="CentralPage.CentralPageTest" name="centralPageLoginIsPossibleWithAdmin" time="1.095"/>
  <testcase classname="CentralPage.CentralPageTest" name="centralPageLoginIsPossibleWithJurisdiction" time="1.318"/>
  <testcase classname="CentralPage.CentralPageTest" name="centralPageMetLifeIconDirection" time="1.86"/>
  <testcase classname="CentralPage.CentralPageTest" name="centralPageUserIconDirection" time="1.152"/>
  <testcase classname="DashboardPage.DashboardPageTest" name="dashboardBreadcrumb" time="2.683"/>
  <testcase classname="DashboardPage.DashboardPageTest" name="dashboardDropdownListElementsAreAvailable" time="3.539"/>
  <testcase classname="DashboardPage.DashboardPageTest" name="dashboardHamburgerMenuElementsAreAvailableAsMixedUser" time="2.64"/>
  <testcase classname="DashboardPage.DashboardPageTest" name="dashboardMetLifeIconDirection" time="3.384"/>
  <testcase classname="DashboardPage.DashboardPageTest" name="dashboardPageIsAvailableThroughHamburger" time="1.967"/>
  <testcase classname="DashboardPage.DashboardPageTest" name="dashboardPageIsAvailableThroughLink" time="2.33"/>
  <testcase classname="DashboardPage.DashboardPageTest" name="dashboardUserIconDirection" time="3.757"/>
  <testcase classname="LoginPage.LoginPageTest" name="loginAfterWrongDetails" time="2.049"/>
  <testcase classname="LoginPage.LoginPageTest" name="loginIntoTouch" time="1.176"/>
  <testcase classname="LoginPage.LoginPageTest" name="messageAppearsAfterWrongLoginDetails" time="0.863"/>
  <testcase classname="LoginPage.LoginPageTest" name="redirectedToInvalidLoginPage" time="0.901"/>
  <testcase classname="LoginPage.LoginPageTest" name="touchIsAvailable" time="0.021"/>
  <testcase classname="UserProfilePage.UserProfilePageMixedUserTest" name="UserProfileMixedUserClickOnBackButtonAfterLogin" time="2.663"/>
  <testcase classname="UserProfilePage.UserProfilePageMixedUserTest" name="UserProfileMixedUserClickOnLogoutButton" time="3.395"/>
  <testcase classname="UserProfilePage.UserProfilePageMixedUserTest" name="UserProfileMixedUserHamburgerMenuElementsAreAvailable" time="2.939"/>
  <testcase classname="UserProfilePage.UserProfilePageMixedUserTest" name="UserProfileMixedUserMetLifeIconDirection" time="2.446"/>
  <testcase classname="UserProfilePage.UserProfilePageMixedUserTest" name="UserProfileMixedUserPageIsAvailable" time="2.509"/>
  <testcase classname="UserProfilePage.UserProfilePageMixedUserTest" name="UserProfileMixedUserPermissionsAreVisibleAsAdmin" time="1.962"/>
  <testcase classname="UserProfilePage.UserProfilePageMixedUserTest" name="UserProfileMixedUserTestBreadcrumb" time="1.95"/>
  <testcase classname="UserProfilePage.UserProfilePageMixedUserTest" name="UserProfileMixedUserUserIconDirection" time="2.442"/>
  <testcase classname="TouchpointPage.TouchpointPageTest" name="second" time="2.578"/>
  <testcase classname="TouchpointPage.TouchpointPageTest" name="third" time="2.581"/>
  <testcase classname="TouchpointPage.TouchpointPageTest" name="touchpointIsReachable" time="2.398"/>
  <testcase classname="UserProfilePage.UserProfilePageAdminUserTest" name="UserProfileAdminClickOnBackButtonAfterLogin" time="3.276"/>
  <testcase classname="UserProfilePage.UserProfilePageAdminUserTest" name="UserProfileAdminClickOnLogoutButton" time="2.774"/>
  <testcase classname="UserProfilePage.UserProfilePageAdminUserTest" name="UserProfileAdminHamburgerMenuElementsAreAvailable" time="4.456"/>
  <testcase classname="UserProfilePage.UserProfilePageAdminUserTest" name="UserProfileAdminMetLifeIconDirection" time="3.332"/>
  <testcase classname="UserProfilePage.UserProfilePageAdminUserTest" name="UserProfileAdminPageIsAvailable" time="1.967"/>
  <testcase classname="UserProfilePage.UserProfilePageAdminUserTest" name="UserProfileAdminPermissionIsVisibleAsAdmin" time="1.989"/>
  <testcase classname="UserProfilePage.UserProfilePageAdminUserTest" name="UserProfileAdminTestBreadcrumb" time="1.921"/>
  <testcase classname="UserProfilePage.UserProfilePageAdminUserTest" name="UserProfileAdminUserIconDirection" time="2.751"/>
  <testcase classname="UserProfilePage.UserProfilePageMixedUserTest" name="clickOnBackButtonFromAnotherPage" time="0.0">
    <ignored/>
  </testcase> <!-- clickOnBackButtonFromAnotherPage -->
  <testcase classname="UserProfilePage.UserProfilePageJurisdictionUserTest" name="clickOnBackButtonFromAnotherPage" time="0.0">
    <ignored/>
  </testcase> <!-- clickOnBackButtonFromAnotherPage -->
  <testcase classname="UserProfilePage.UserProfilePageAdminUserTest" name="UserProfileAdminClickOnBackButtonFromAnotherPage" time="0.0">
    <ignored/>
  </testcase> <!-- UserProfileAdminClickOnBackButtonFromAnotherPage -->
</testsuite> <!-- Package test -->
