<?xml version="1.0" encoding="UTF-8"?>
<testng-results ignored="0" total="1" passed="1" failed="0" skipped="0">
  <reporter-output>
  </reporter-output>
  <suite started-at="2018-06-14T15:41:13Z" name="Run" finished-at="2018-06-14T15:41:44Z" duration-ms="31112">
    <groups>
      <group name="cucumber">
        <method signature="AbstractTestNGCucumberTests.feature(cucumber.api.testng.CucumberFeatureWrapper)[pri:0, instance:Cucumber.Runner.TestRunner@4218d6a3]" name="feature" class="cucumber.api.testng.AbstractTestNGCucumberTests"/>
      </group> <!-- cucumber -->
    </groups>
    <test started-at="2018-06-14T15:41:13Z" name="Package test" finished-at="2018-06-14T15:41:44Z" duration-ms="31112">
      <class name="Cucumber.Runner.TestRunner">
        <test-method is-config="true" signature="setUpClass()[pri:0, instance:Cucumber.Runner.TestRunner@4218d6a3]" started-at="2018-06-14T15:41:13Z" name="setUpClass" finished-at="2018-06-14T15:41:14Z" duration-ms="1084" status="PASS">
          <reporter-output>
          </reporter-output>
        </test-method> <!-- setUpClass -->
        <test-method signature="feature(cucumber.api.testng.CucumberFeatureWrapper)[pri:0, instance:Cucumber.Runner.TestRunner@4218d6a3]" started-at="2018-06-14T15:41:14Z" name="feature" description="Runs Cucumber Feature" data-provider="features" finished-at="2018-06-14T15:41:44Z" duration-ms="29785" status="PASS">
          <params>
            <param index="0">
              <value>
                <![CDATA[LoginFeature]]>
              </value>
            </param>
          </params>
          <reporter-output>
          </reporter-output>
        </test-method> <!-- feature -->
        <test-method is-config="true" signature="tearDownClass()[pri:0, instance:Cucumber.Runner.TestRunner@4218d6a3]" started-at="2018-06-14T15:41:44Z" name="tearDownClass" finished-at="2018-06-14T15:41:44Z" duration-ms="26" status="PASS">
          <reporter-output>
          </reporter-output>
        </test-method> <!-- tearDownClass -->
      </class> <!-- Cucumber.Runner.TestRunner -->
    </test> <!-- Package test -->
  </suite> <!-- Run -->
</testng-results>
